\BOOKMARK [0][-]{chapter.1}{\376\377\0001\000\040\000F\000a\000r\000o\000\137\000S\000h\000u\000f\000f\000l\000e\000\137\000S\000i\000m}{}% 1
\BOOKMARK [0][-]{chapter.2}{\376\377\0002\000\040\000C\000l\000a\000s\000s\000\040\000I\000n\000d\000e\000x}{}% 2
\BOOKMARK [1][-]{section.2.1}{\376\377\0002\000.\0001\000\040\000C\000l\000a\000s\000s\000\040\000L\000i\000s\000t}{chapter.2}% 3
\BOOKMARK [0][-]{chapter.3}{\376\377\0003\000\040\000F\000i\000l\000e\000\040\000I\000n\000d\000e\000x}{}% 4
\BOOKMARK [1][-]{section.3.1}{\376\377\0003\000.\0001\000\040\000F\000i\000l\000e\000\040\000L\000i\000s\000t}{chapter.3}% 5
\BOOKMARK [0][-]{chapter.4}{\376\377\0004\000\040\000C\000l\000a\000s\000s\000\040\000D\000o\000c\000u\000m\000e\000n\000t\000a\000t\000i\000o\000n}{}% 6
\BOOKMARK [1][-]{section.4.1}{\376\377\0004\000.\0001\000\040\000C\000a\000r\000d\000\040\000S\000t\000r\000u\000c\000t\000\040\000R\000e\000f\000e\000r\000e\000n\000c\000e}{chapter.4}% 7
\BOOKMARK [2][-]{subsection.4.1.1}{\376\377\0004\000.\0001\000.\0001\000\040\000M\000e\000m\000b\000e\000r\000\040\000D\000a\000t\000a\000\040\000D\000o\000c\000u\000m\000e\000n\000t\000a\000t\000i\000o\000n}{section.4.1}% 8
\BOOKMARK [3][-]{subsubsection.4.1.1.1}{\376\377\0004\000.\0001\000.\0001\000.\0001\000\040\000n\000e\000x\000t}{subsection.4.1.1}% 9
\BOOKMARK [3][-]{subsubsection.4.1.1.2}{\376\377\0004\000.\0001\000.\0001\000.\0002\000\040\000n\000u\000m\000b\000e\000r}{subsection.4.1.1}% 10
\BOOKMARK [3][-]{subsubsection.4.1.1.3}{\376\377\0004\000.\0001\000.\0001\000.\0003\000\040\000v\000a\000l\000u\000e}{subsection.4.1.1}% 11
\BOOKMARK [0][-]{chapter.5}{\376\377\0005\000\040\000F\000i\000l\000e\000\040\000D\000o\000c\000u\000m\000e\000n\000t\000a\000t\000i\000o\000n}{}% 12
\BOOKMARK [1][-]{section.5.1}{\376\377\0005\000.\0001\000\040\000f\000a\000r\000o\000\137\000l\000l\000.\000c\000\040\000F\000i\000l\000e\000\040\000R\000e\000f\000e\000r\000e\000n\000c\000e}{chapter.5}% 13
\BOOKMARK [2][-]{subsection.5.1.1}{\376\377\0005\000.\0001\000.\0001\000\040\000F\000u\000n\000c\000t\000i\000o\000n\000\040\000D\000o\000c\000u\000m\000e\000n\000t\000a\000t\000i\000o\000n}{section.5.1}% 14
\BOOKMARK [3][-]{subsubsection.5.1.1.1}{\376\377\0005\000.\0001\000.\0001\000.\0001\000\040\000f\000a\000r\000o\000\050\000\051}{subsection.5.1.1}% 15
\BOOKMARK [3][-]{subsubsection.5.1.1.2}{\376\377\0005\000.\0001\000.\0001\000.\0002\000\040\000f\000a\000r\000o\000\137\000n\000u\000m\000e\000r\000i\000c\000a\000l\000\050\000\051}{subsection.5.1.1}% 16
\BOOKMARK [3][-]{subsubsection.5.1.1.3}{\376\377\0005\000.\0001\000.\0001\000.\0003\000\040\000f\000r\000e\000e\000\137\000l\000l\000\050\000\051}{subsection.5.1.1}% 17
\BOOKMARK [3][-]{subsubsection.5.1.1.4}{\376\377\0005\000.\0001\000.\0001\000.\0004\000\040\000g\000e\000t\000\137\000c\000a\000r\000d\000s\000\137\000n\000u\000m\000e\000r\000i\000c\000a\000l\000\050\000\051}{subsection.5.1.1}% 18
\BOOKMARK [3][-]{subsubsection.5.1.1.5}{\376\377\0005\000.\0001\000.\0001\000.\0005\000\040\000g\000e\000t\000\137\000c\000a\000r\000d\000s\000\137\000r\000a\000n\000k\000s\000u\000i\000t\000\050\000\051}{subsection.5.1.1}% 19
\BOOKMARK [3][-]{subsubsection.5.1.1.6}{\376\377\0005\000.\0001\000.\0001\000.\0006\000\040\000g\000e\000t\000I\000n\000t\000L\000e\000n\000g\000t\000h\000\050\000\051}{subsection.5.1.1}% 20
\BOOKMARK [3][-]{subsubsection.5.1.1.7}{\376\377\0005\000.\0001\000.\0001\000.\0007\000\040\000p\000r\000i\000n\000t\000\137\000d\000e\000c\000k\000\050\000\051}{subsection.5.1.1}% 21
\BOOKMARK [3][-]{subsubsection.5.1.1.8}{\376\377\0005\000.\0001\000.\0001\000.\0008\000\040\000p\000r\000i\000n\000t\000\137\000d\000e\000c\000k\000\137\000n\000u\000m\000e\000r\000i\000c\000a\000l\000\050\000\051}{subsection.5.1.1}% 22
\BOOKMARK [3][-]{subsubsection.5.1.1.9}{\376\377\0005\000.\0001\000.\0001\000.\0009\000\040\000s\000h\000u\000f\000f\000l\000e\000\050\000\051}{subsection.5.1.1}% 23
\BOOKMARK [3][-]{subsubsection.5.1.1.10}{\376\377\0005\000.\0001\000.\0001\000.\0001\0000\000\040\000s\000p\000l\000i\000t\000\050\000\051}{subsection.5.1.1}% 24
\BOOKMARK [1][-]{section.5.2}{\376\377\0005\000.\0002\000\040\000g\000e\000t\000B\000i\000n\000a\000r\000y\000.\000c\000\040\000F\000i\000l\000e\000\040\000R\000e\000f\000e\000r\000e\000n\000c\000e}{chapter.5}% 25
\BOOKMARK [2][-]{subsection.5.2.1}{\376\377\0005\000.\0002\000.\0001\000\040\000F\000u\000n\000c\000t\000i\000o\000n\000\040\000D\000o\000c\000u\000m\000e\000n\000t\000a\000t\000i\000o\000n}{section.5.2}% 26
\BOOKMARK [3][-]{subsubsection.5.2.1.1}{\376\377\0005\000.\0002\000.\0001\000.\0001\000\040\000d\000e\000c\000T\000o\000B\000i\000n\000a\000r\000y\000\050\000\051}{subsection.5.2.1}% 27
\BOOKMARK [1][-]{section.5.3}{\376\377\0005\000.\0003\000\040\000h\000e\000a\000d\000e\000r\000s\000.\000h\000\040\000F\000i\000l\000e\000\040\000R\000e\000f\000e\000r\000e\000n\000c\000e}{chapter.5}% 28
\BOOKMARK [2][-]{subsection.5.3.1}{\376\377\0005\000.\0003\000.\0001\000\040\000T\000y\000p\000e\000d\000e\000f\000\040\000D\000o\000c\000u\000m\000e\000n\000t\000a\000t\000i\000o\000n}{section.5.3}% 29
\BOOKMARK [3][-]{subsubsection.5.3.1.1}{\376\377\0005\000.\0003\000.\0001\000.\0001\000\040\000C\000a\000r\000d}{subsection.5.3.1}% 30
\BOOKMARK [2][-]{subsection.5.3.2}{\376\377\0005\000.\0003\000.\0002\000\040\000F\000u\000n\000c\000t\000i\000o\000n\000\040\000D\000o\000c\000u\000m\000e\000n\000t\000a\000t\000i\000o\000n}{section.5.3}% 31
\BOOKMARK [3][-]{subsubsection.5.3.2.1}{\376\377\0005\000.\0003\000.\0002\000.\0001\000\040\000f\000a\000r\000o\000\050\000\051}{subsection.5.3.2}% 32
\BOOKMARK [3][-]{subsubsection.5.3.2.2}{\376\377\0005\000.\0003\000.\0002\000.\0002\000\040\000f\000a\000r\000o\000\137\000n\000u\000m\000e\000r\000i\000c\000a\000l\000\050\000\051}{subsection.5.3.2}% 33
\BOOKMARK [3][-]{subsubsection.5.3.2.3}{\376\377\0005\000.\0003\000.\0002\000.\0003\000\040\000g\000e\000t\000\137\000c\000a\000r\000d\000s\000\137\000n\000u\000m\000e\000r\000i\000c\000a\000l\000\050\000\051}{subsection.5.3.2}% 34
\BOOKMARK [3][-]{subsubsection.5.3.2.4}{\376\377\0005\000.\0003\000.\0002\000.\0004\000\040\000g\000e\000t\000\137\000c\000a\000r\000d\000s\000\137\000r\000a\000n\000k\000s\000u\000i\000t\000\050\000\051}{subsection.5.3.2}% 35
\BOOKMARK [1][-]{section.5.4}{\376\377\0005\000.\0004\000\040\000m\000a\000i\000n\000.\000c\000\040\000F\000i\000l\000e\000\040\000R\000e\000f\000e\000r\000e\000n\000c\000e}{chapter.5}% 36
\BOOKMARK [2][-]{subsection.5.4.1}{\376\377\0005\000.\0004\000.\0001\000\040\000F\000u\000n\000c\000t\000i\000o\000n\000\040\000D\000o\000c\000u\000m\000e\000n\000t\000a\000t\000i\000o\000n}{section.5.4}% 37
\BOOKMARK [3][-]{subsubsection.5.4.1.1}{\376\377\0005\000.\0004\000.\0001\000.\0001\000\040\000d\000e\000c\000T\000o\000B\000i\000n\000a\000r\000y\000\050\000\051}{subsection.5.4.1}% 38
\BOOKMARK [3][-]{subsubsection.5.4.1.2}{\376\377\0005\000.\0004\000.\0001\000.\0002\000\040\000m\000a\000i\000n\000\050\000\051}{subsection.5.4.1}% 39
\BOOKMARK [1][-]{section.5.5}{\376\377\0005\000.\0005\000\040\000R\000E\000A\000D\000M\000E\000.\000m\000d\000\040\000F\000i\000l\000e\000\040\000R\000e\000f\000e\000r\000e\000n\000c\000e}{chapter.5}% 40
\BOOKMARK [0][-]{section*.9}{\376\377\000I\000n\000d\000e\000x}{}% 41
